<?xml version="1.0" encoding="UTF-8"?>
<testng-results ignored="0" total="1" passed="1" failed="0" skipped="0">
  <reporter-output>
  </reporter-output>
  <suite started-at="2023-12-25T09:37:29 IST" name="Default suite" finished-at="2023-12-25T09:37:46 IST" duration-ms="17550">
    <groups>
    </groups>
    <test started-at="2023-12-25T09:37:29 IST" name="Default test" finished-at="2023-12-25T09:37:46 IST" duration-ms="17550">
      <class name="com.tests.HomePageTest">
        <test-method is-config="true" signature="getDriver()[pri:0, instance:com.tests.HomePageTest@6221a451]" started-at="2023-12-25T09:37:29 IST" name="getDriver" finished-at="2023-12-25T09:37:32 IST" duration-ms="3174" status="PASS">
          <reporter-output>
          </reporter-output>
        </test-method> <!-- getDriver -->
        <test-method is-config="true" signature="loginToApp()[pri:0, instance:com.tests.HomePageTest@6221a451]" started-at="2023-12-25T09:37:32 IST" name="loginToApp" finished-at="2023-12-25T09:37:36 IST" duration-ms="3922" status="PASS">
          <reporter-output>
          </reporter-output>
        </test-method> <!-- loginToApp -->
        <test-method signature="valiDateHomePage()[pri:0, instance:com.tests.HomePageTest@6221a451]" started-at="2023-12-25T09:37:36 IST" name="valiDateHomePage" finished-at="2023-12-25T09:37:36 IST" duration-ms="102" status="PASS">
          <reporter-output>
          </reporter-output>
        </test-method> <!-- valiDateHomePage -->
        <test-method is-config="true" signature="logOutApp()[pri:0, instance:com.tests.HomePageTest@6221a451]" started-at="2023-12-25T09:37:36 IST" name="logOutApp" finished-at="2023-12-25T09:37:41 IST" duration-ms="5060" status="PASS">
          <reporter-output>
          </reporter-output>
        </test-method> <!-- logOutApp -->
        <test-method is-config="true" signature="closeBrowser()[pri:0, instance:com.tests.HomePageTest@6221a451]" started-at="2023-12-25T09:37:41 IST" name="closeBrowser" finished-at="2023-12-25T09:37:46 IST" duration-ms="5238" status="PASS">
          <reporter-output>
          </reporter-output>
        </test-method> <!-- closeBrowser -->
      </class> <!-- com.tests.HomePageTest -->
    </test> <!-- Default test -->
  </suite> <!-- Default suite -->
</testng-results>
